#
# A fatal error has been detected by the Java Runtime Environment:
#
#  EXCEPTION_ACCESS_VIOLATION (0xc0000005) at pc=0x000000005c140a60, pid=3336, tid=2784
#
# JRE version: Java(TM) SE Runtime Environment (7.0_40-b43) (build 1.7.0_40-b43)
# Java VM: Java HotSpot(TM) 64-Bit Server VM (24.0-b56 mixed mode windows-amd64 compressed oops)
# Problematic frame:
# V  [jvm.dll+0x40a60]
#
# Failed to write core dump. Minidumps are not enabled by default on client versions of Windows
#
# If you would like to submit a bug report, please visit:
#   http://bugreport.sun.com/bugreport/crash.jsp
#

---------------  T H R E A D  ---------------

Current thread (0x0000000002606800):  GCTaskThread [stack: 0x0000000005c00000,0x0000000005d00000] [id=2784]

siginfo: ExceptionCode=0xc0000005, reading address 0x000000008d85e548

Registers:
RAX=0x0000000005e50000, RBX=0x00000000b047c030, RCX=0x00000000b047c030, RDX=0x000000008d85e540
RSP=0x0000000005cff7f8, RBP=0x00000000026c6420, RSI=0x00000000b047bf24, RDI=0x00000000b047c030
R8 =0x00000000000023e0, R9 =0x00000000026c6420, R10=0x000000000000008c, R11=0x00000000b047bf70
R12=0x00000000b047bf2c, R13=0x0000000000000003, R14=0x00000000b047bf10, R15=0x0000000000000003
RIP=0x000000005c140a60, EFLAGS=0x0000000000010202

Top of Stack: (sp=0x0000000005cff7f8)
0x0000000005cff7f8:   000000005c1d1a5b 00000000b047bf70
0x0000000005cff808:   00000000026c6420 00000000b047bf20
0x0000000005cff818:   0000000000000010 00000000b047c030
0x0000000005cff828:   000000005c21427a 000000000000008c
0x0000000005cff838:   0000000000000004 00000000b047bee0
0x0000000005cff848:   000000005c1d40dc 00000000026c6420
0x0000000005cff858:   000000005c21450d 0000000000000000
0x0000000005cff868:   0000000002606cc0 0000000002603af0
0x0000000005cff878:   00000000b047bf10 000000000000008c
0x0000000005cff888:   000000005c4927bc 00000000026c6420
0x0000000005cff898:   00000000026c6420 000000005c6bdc00
0x0000000005cff8a8:   00000000026c6420 000000005c849ef8
0x0000000005cff8b8:   0000000000000006 000000005c6bdc00
0x0000000005cff8c8:   000000005c1d1c65 0000000008f10188
0x0000000005cff8d8:   0000000000000000 0000000000000000
0x0000000005cff8e8:   0000000002603af0 0000000002606cd0 

Instructions: (pc=0x000000005c140a60)
0x000000005c140a40:   0d 44 0f b7 c0 48 83 c1 40 e8 a6 e0 50 00 48 83
0x000000005c140a50:   c4 28 c3 cc cc cc cc cc cc cc cc cc cc cc cc cc
0x000000005c140a60:   44 8b 42 08 4c 8b ca 45 85 c0 7e 0e 41 f6 c0 01
0x000000005c140a70:   75 57 41 c1 f8 03 41 8b c0 c3 79 4d 80 3d b5 a1 


Register to memory mapping:

RAX=0x0000000005e50000 is an unknown value
RBX=0x00000000b047c030 is pointing into object: 0x00000000b047bff0
{constMethod} 
 - klass: {other class}
 - constants:       0xffffffff00000080 
[error occurred during error reporting (printing register info), id 0xc0000005]

Stack: [0x0000000005c00000,0x0000000005d00000],  sp=0x0000000005cff7f8,  free space=1021k
Native frames: (J=compiled Java code, j=interpreted, Vv=VM code, C=native code)
V  [jvm.dll+0x40a60]


---------------  P R O C E S S  ---------------

Java Threads: ( => current thread )
  0x000000000bd2c800 JavaThread "File lock request listener" [_thread_in_native, id=4676, stack(0x000000000c8a0000,0x000000000c9a0000)]
  0x000000000ab74000 JavaThread "Stdin handler" [_thread_blocked, id=4332, stack(0x000000000c190000,0x000000000c290000)]
  0x000000000b0a4800 JavaThread "Daemon worker" [_thread_blocked, id=1596, stack(0x000000000c660000,0x000000000c760000)]
  0x000000000a964800 JavaThread "Cancel handler" [_thread_blocked, id=2492, stack(0x000000000c4f0000,0x000000000c5f0000)]
  0x000000000aa42000 JavaThread "Handler for socket connection from /127.0.0.1:53608 to /127.0.0.1:53609" [_thread_in_native, id=4180, stack(0x000000000ae20000,0x000000000af20000)]
  0x000000000a9e6800 JavaThread "Daemon" [_thread_blocked, id=5552, stack(0x000000000c2e0000,0x000000000c3e0000)]
  0x000000000b116800 JavaThread "Incoming local TCP Connector on port 53608" [_thread_in_native, id=4564, stack(0x000000000c070000,0x000000000c170000)]
  0x0000000008a76800 JavaThread "Service Thread" daemon [_thread_blocked, id=2012, stack(0x0000000009f10000,0x000000000a010000)]
  0x0000000008a0f000 JavaThread "C2 CompilerThread1" daemon [_thread_blocked, id=5948, stack(0x0000000009d40000,0x0000000009e40000)]
  0x0000000008a0d800 JavaThread "C2 CompilerThread0" daemon [_thread_blocked, id=5668, stack(0x0000000009a10000,0x0000000009b10000)]
  0x0000000008a65800 JavaThread "Attach Listener" daemon [_thread_blocked, id=5128, stack(0x0000000009b10000,0x0000000009c10000)]
  0x0000000008a64000 JavaThread "Signal Dispatcher" daemon [_thread_blocked, id=3140, stack(0x0000000009850000,0x0000000009950000)]
  0x00000000026ce000 JavaThread "Finalizer" daemon [_thread_blocked, id=5188, stack(0x0000000009730000,0x0000000009830000)]
  0x00000000026c7800 JavaThread "Reference Handler" daemon [_thread_blocked, id=2516, stack(0x00000000095b0000,0x00000000096b0000)]
  0x00000000025cd800 JavaThread "main" [_thread_blocked, id=2104, stack(0x0000000002700000,0x0000000002800000)]

Other Threads:
  0x00000000089f1800 VMThread [stack: 0x0000000009470000,0x0000000009570000] [id=5228]
  0x0000000008a7f800 WatcherThread [stack: 0x000000000a120000,0x000000000a220000] [id=5240]

=>0x0000000002606800 (exited) GCTaskThread [stack: 0x0000000005c00000,0x0000000005d00000] [id=2784]

VM state:at safepoint (normal execution)

VM Mutex/Monitor currently owned by a thread:  ([mutex/lock_event])
[0x00000000025cbda0] Threads_lock - owner thread: 0x00000000089f1800
[0x00000000025cc2a0] Heap_lock - owner thread: 0x000000000b0a4800

Heap
 PSYoungGen      total 279552K, used 16379K [0x00000000eaa80000, 0x00000000fe080000, 0x0000000100000000)
  eden space 263168K, 0% used [0x00000000eaa80000,0x00000000eaa80000,0x00000000fab80000)
  from space 16384K, 99% used [0x00000000fc280000,0x00000000fd27eed0,0x00000000fd280000)
  to   space 23552K, 0% used [0x00000000fab80000,0x00000000fab80000,0x00000000fc280000)
 ParOldGen       total 43520K, used 34909K [0x00000000c0000000, 0x00000000c2a80000, 0x00000000eaa80000)
  object space 43520K, 80% used [0x00000000c0000000,0x00000000c22174c0,0x00000000c2a80000)
 PSPermGen       total 42496K, used 42254K [0x00000000b0000000, 0x00000000b2980000, 0x00000000c0000000)
  object space 42496K, 99% used [0x00000000b0000000,0x00000000b2943938,0x00000000b2980000)

Card table byte_map: [0x0000000005800000,0x0000000005a90000] byte_map_base: 0x0000000005280000

Polling page: 0x0000000000230000

Code Cache  [0x0000000002800000, 0x0000000002c10000, 0x0000000005800000)
 total_blobs=1464 nmethods=829 adapters=587 free_code_cache=45069Kb largest_free_block=46078784

Compilation events (10 events):
Event: 18.877 Thread 0x0000000008a0d800  884             java.io.BufferedInputStream::read1 (108 bytes)
Event: 18.884 Thread 0x0000000008a0d800 nmethod 884 0x0000000002bdbe90 code [0x0000000002bdc000, 0x0000000002bdc5f8]
Event: 18.888 Thread 0x0000000008a0d800  885             sun.security.provider.DigestBase::engineUpdate (188 bytes)
Event: 18.893 Thread 0x0000000008a0d800 nmethod 885 0x0000000002bdb490 code [0x0000000002bdb620, 0x0000000002bdbb40]
Event: 18.899 Thread 0x0000000008a0d800  886             java.io.DataInputStream::readLong (128 bytes)
Event: 18.901 Thread 0x0000000008a0d800 nmethod 886 0x0000000002a38850 code [0x0000000002a389a0, 0x0000000002a38af8]
Event: 18.903 Thread 0x0000000008a0f000 nmethod 883 0x0000000002bf1410 code [0x0000000002bf15e0, 0x0000000002bf2b30]
Event: 18.903 Thread 0x0000000008a0f000  887             com.google.common.io.CountingInputStream::read (33 bytes)
Event: 18.904 Thread 0x0000000008a0f000 nmethod 887 0x0000000002a38510 code [0x0000000002a38660, 0x0000000002a38728]
Event: 18.917 Thread 0x0000000008a0f000  888             java.math.BigInteger::stripLeadingZeroBytes (132 bytes)

GC Heap History (10 events):
Event: 4.499 GC heap after
Heap after GC invocations=4 (full 0):
 PSYoungGen      total 70144K, used 2536K [0x00000000eaa80000, 0x00000000ef180000, 0x0000000100000000)
  eden space 67584K, 0% used [0x00000000eaa80000,0x00000000eaa80000,0x00000000eec80000)
  from space 2560K, 99% used [0x00000000eef00000,0x00000000ef17a020,0x00000000ef180000)
  to   space 2560K, 0% used [0x00000000eec80000,0x00000000eec80000,0x00000000eef00000)
 ParOldGen       total 43520K, used 10869K [0x00000000c0000000, 0x00000000c2a80000, 0x00000000eaa80000)
  object space 43520K, 24% used [0x00000000c0000000,0x00000000c0a9d548,0x00000000c2a80000)
 PSPermGen       total 21504K, used 18601K [0x00000000b0000000, 0x00000000b1500000, 0x00000000c0000000)
  object space 21504K, 86% used [0x00000000b0000000,0x00000000b122a760,0x00000000b1500000)
}
Event: 7.371 GC heap before
{Heap before GC invocations=5 (full 0):
 PSYoungGen      total 70144K, used 70120K [0x00000000eaa80000, 0x00000000ef180000, 0x0000000100000000)
  eden space 67584K, 100% used [0x00000000eaa80000,0x00000000eec80000,0x00000000eec80000)
  from space 2560K, 99% used [0x00000000eef00000,0x00000000ef17a020,0x00000000ef180000)
  to   space 2560K, 0% used [0x00000000eec80000,0x00000000eec80000,0x00000000eef00000)
 ParOldGen       total 43520K, used 10869K [0x00000000c0000000, 0x00000000c2a80000, 0x00000000eaa80000)
  object space 43520K, 24% used [0x00000000c0000000,0x00000000c0a9d548,0x00000000c2a80000)
 PSPermGen       total 24064K, used 23997K [0x00000000b0000000, 0x00000000b1780000, 0x00000000c0000000)
  object space 24064K, 99% used [0x00000000b0000000,0x00000000b176f7e0,0x00000000b1780000)
Event: 7.398 GC heap after
Heap after GC invocations=5 (full 0):
 PSYoungGen      total 70144K, used 2552K [0x00000000eaa80000, 0x00000000f4580000, 0x0000000100000000)
  eden space 67584K, 0% used [0x00000000eaa80000,0x00000000eaa80000,0x00000000eec80000)
  from space 2560K, 99% used [0x00000000eec80000,0x00000000eeefe030,0x00000000eef00000)
  to   space 11776K, 0% used [0x00000000f3a00000,0x00000000f3a00000,0x00000000f4580000)
 ParOldGen       total 43520K, used 18498K [0x00000000c0000000, 0x00000000c2a80000, 0x00000000eaa80000)
  object space 43520K, 42% used [0x00000000c0000000,0x00000000c1210bf0,0x00000000c2a80000)
 PSPermGen       total 24064K, used 23997K [0x00000000b0000000, 0x00000000b1780000, 0x00000000c0000000)
  object space 24064K, 99% used [0x00000000b0000000,0x00000000b176f7e0,0x00000000b1780000)
}
Event: 10.382 GC heap before
{Heap before GC invocations=6 (full 0):
 PSYoungGen      total 70144K, used 70136K [0x00000000eaa80000, 0x00000000f4580000, 0x0000000100000000)
  eden space 67584K, 100% used [0x00000000eaa80000,0x00000000eec80000,0x00000000eec80000)
  from space 2560K, 99% used [0x00000000eec80000,0x00000000eeefe030,0x00000000eef00000)
  to   space 11776K, 0% used [0x00000000f3a00000,0x00000000f3a00000,0x00000000f4580000)
 ParOldGen       total 43520K, used 18498K [0x00000000c0000000, 0x00000000c2a80000, 0x00000000eaa80000)
  object space 43520K, 42% used [0x00000000c0000000,0x00000000c1210bf0,0x00000000c2a80000)
 PSPermGen       total 27648K, used 27237K [0x00000000b0000000, 0x00000000b1b00000, 0x00000000c0000000)
  object space 27648K, 98% used [0x00000000b0000000,0x00000000b1a994a0,0x00000000b1b00000)
Event: 10.406 GC heap after
Heap after GC invocations=6 (full 0):
 PSYoungGen      total 145920K, used 7092K [0x00000000eaa80000, 0x00000000f4480000, 0x0000000100000000)
  eden space 135168K, 0% used [0x00000000eaa80000,0x00000000eaa80000,0x00000000f2e80000)
  from space 10752K, 65% used [0x00000000f3a00000,0x00000000f40ed020,0x00000000f4480000)
  to   space 11264K, 0% used [0x00000000f2e80000,0x00000000f2e80000,0x00000000f3980000)
 ParOldGen       total 43520K, used 18571K [0x00000000c0000000, 0x00000000c2a80000, 0x00000000eaa80000)
  object space 43520K, 42% used [0x00000000c0000000,0x00000000c1222c00,0x00000000c2a80000)
 PSPermGen       total 27648K, used 27237K [0x00000000b0000000, 0x00000000b1b00000, 0x00000000c0000000)
  object space 27648K, 98% used [0x00000000b0000000,0x00000000b1a994a0,0x00000000b1b00000)
}
Event: 13.765 GC heap before
{Heap before GC invocations=7 (full 0):
 PSYoungGen      total 145920K, used 142260K [0x00000000eaa80000, 0x00000000f4480000, 0x0000000100000000)
  eden space 135168K, 100% used [0x00000000eaa80000,0x00000000f2e80000,0x00000000f2e80000)
  from space 10752K, 65% used [0x00000000f3a00000,0x00000000f40ed020,0x00000000f4480000)
  to   space 11264K, 0% used [0x00000000f2e80000,0x00000000f2e80000,0x00000000f3980000)
 ParOldGen       total 43520K, used 18571K [0x00000000c0000000, 0x00000000c2a80000, 0x00000000eaa80000)
  object space 43520K, 42% used [0x00000000c0000000,0x00000000c1222c00,0x00000000c2a80000)
 PSPermGen       total 36864K, used 36833K [0x00000000b0000000, 0x00000000b2400000, 0x00000000c0000000)
  object space 36864K, 99% used [0x00000000b0000000,0x00000000b23f8500,0x00000000b2400000)
Event: 13.857 GC heap after
Heap after GC invocations=7 (full 0):
 PSYoungGen      total 146432K, used 11239K [0x00000000eaa80000, 0x00000000fd280000, 0x0000000100000000)
  eden space 135168K, 0% used [0x00000000eaa80000,0x00000000eaa80000,0x00000000f2e80000)
  from space 11264K, 99% used [0x00000000f2e80000,0x00000000f3979da8,0x00000000f3980000)
  to   space 16384K, 0% used [0x00000000fc280000,0x00000000fc280000,0x00000000fd280000)
 ParOldGen       total 43520K, used 25325K [0x00000000c0000000, 0x00000000c2a80000, 0x00000000eaa80000)
  object space 43520K, 58% used [0x00000000c0000000,0x00000000c18bb5c0,0x00000000c2a80000)
 PSPermGen       total 36864K, used 36833K [0x00000000b0000000, 0x00000000b2400000, 0x00000000c0000000)
  object space 36864K, 99% used [0x00000000b0000000,0x00000000b23f8500,0x00000000b2400000)
}
Event: 18.921 GC heap before
{Heap before GC invocations=8 (full 0):
 PSYoungGen      total 146432K, used 146407K [0x00000000eaa80000, 0x00000000fd280000, 0x0000000100000000)
  eden space 135168K, 100% used [0x00000000eaa80000,0x00000000f2e80000,0x00000000f2e80000)
  from space 11264K, 99% used [0x00000000f2e80000,0x00000000f3979da8,0x00000000f3980000)
  to   space 16384K, 0% used [0x00000000fc280000,0x00000000fc280000,0x00000000fd280000)
 ParOldGen       total 43520K, used 25325K [0x00000000c0000000, 0x00000000c2a80000, 0x00000000eaa80000)
  object space 43520K, 58% used [0x00000000c0000000,0x00000000c18bb5c0,0x00000000c2a80000)
 PSPermGen       total 42496K, used 42254K [0x00000000b0000000, 0x00000000b2980000, 0x00000000c0000000)
  object space 42496K, 99% used [0x00000000b0000000,0x00000000b2943938,0x00000000b2980000)
Event: 18.998 GC heap after
Heap after GC invocations=8 (full 0):
 PSYoungGen      total 279552K, used 16379K [0x00000000eaa80000, 0x00000000fe080000, 0x0000000100000000)
  eden space 263168K, 0% used [0x00000000eaa80000,0x00000000eaa80000,0x00000000fab80000)
  from space 16384K, 99% used [0x00000000fc280000,0x00000000fd27eed0,0x00000000fd280000)
  to   space 23552K, 0% used [0x00000000fab80000,0x00000000fab80000,0x00000000fc280000)
 ParOldGen       total 43520K, used 34909K [0x00000000c0000000, 0x00000000c2a80000, 0x00000000eaa80000)
  object space 43520K, 80% used [0x00000000c0000000,0x00000000c22174c0,0x00000000c2a80000)
 PSPermGen       total 42496K, used 42254K [0x00000000b0000000, 0x00000000b2980000, 0x00000000c0000000)
  object space 42496K, 99% used [0x00000000b0000000,0x00000000b2943938,0x00000000b2980000)
}
Event: 18.998 GC heap before
{Heap before GC invocations=9 (full 1):
 PSYoungGen      total 279552K, used 16379K [0x00000000eaa80000, 0x00000000fe080000, 0x0000000100000000)
  eden space 263168K, 0% used [0x00000000eaa80000,0x00000000eaa80000,0x00000000fab80000)
  from space 16384K, 99% used [0x00000000fc280000,0x00000000fd27eed0,0x00000000fd280000)
  to   space 23552K, 0% used [0x00000000fab80000,0x00000000fab80000,0x00000000fc280000)
 ParOldGen       total 43520K, used 34909K [0x00000000c0000000, 0x00000000c2a80000, 0x00000000eaa80000)
  object space 43520K, 80% used [0x00000000c0000000,0x00000000c22174c0,0x00000000c2a80000)
 PSPermGen       total 42496K, used 42254K [0x00000000b0000000, 0x00000000b2980000, 0x00000000c0000000)
  object space 42496K, 99% used [0x00000000b0000000,0x00000000b2943938,0x00000000b2980000)

Deoptimization events (10 events):
Event: 18.254 Thread 0x000000000b0a4800 Uncommon trap: reason=class_check action=maybe_recompile pc=0x00000000028ce7cc method=java.lang.reflect.Method.equals(Ljava/lang/Object;)Z @ 5
Event: 18.288 Thread 0x000000000b0a4800 Uncommon trap: reason=class_check action=maybe_recompile pc=0x00000000028ce7cc method=java.lang.reflect.Method.equals(Ljava/lang/Object;)Z @ 5
Event: 18.288 Thread 0x000000000b0a4800 Uncommon trap: reason=class_check action=maybe_recompile pc=0x00000000028ce7cc method=java.lang.reflect.Method.equals(Ljava/lang/Object;)Z @ 5
Event: 18.440 Thread 0x000000000b0a4800 Uncommon trap: reason=unloaded action=reinterpret pc=0x0000000002a31340 method=com.sun.org.apache.xerces.internal.dom.DeferredDocumentImpl.getNodeObject(I)Lcom/sun/org/apache/xerces/internal/dom/DeferredNode; @ 255
Event: 18.470 Thread 0x000000000b0a4800 Uncommon trap: reason=unreached action=reinterpret pc=0x0000000002a42470 method=com.sun.org.apache.xerces.internal.dom.DeferredDocumentImpl.getChunkIndex([[III)I @ 3
Event: 18.470 Thread 0x000000000b0a4800 Uncommon trap: reason=unreached action=reinterpret pc=0x00000000029fc874 method=com.sun.org.apache.xerces.internal.dom.DeferredDocumentImpl.getChunkIndex([[III)I @ 3
Event: 18.601 Thread 0x000000000b0a4800 Uncommon trap: reason=class_check action=maybe_recompile pc=0x0000000002abab40 method=sun.security.provider.DigestBase.engineUpdate([BII)V @ 128
Event: 18.644 Thread 0x000000000b0a4800 Uncommon trap: reason=class_check action=maybe_recompile pc=0x0000000002abab40 method=sun.security.provider.DigestBase.engineUpdate([BII)V @ 128
Event: 18.876 Thread 0x000000000b0a4800 Uncommon trap: reason=class_check action=maybe_recompile pc=0x0000000002abab40 method=sun.security.provider.DigestBase.engineUpdate([BII)V @ 128
Event: 18.876 Thread 0x000000000b0a4800 Uncommon trap: reason=class_check action=maybe_recompile pc=0x0000000002abab40 method=sun.security.provider.DigestBase.engineUpdate([BII)V @ 128

Internal exceptions (10 events):
Event: 18.762 Thread 0x000000000b0a4800 Threw 0x00000000f28dbad8 at C:\jdk7u2_64p\jdk7u40\hotspot\src\share\vm\prims\jvm.cpp:1244
Event: 18.762 Thread 0x000000000b0a4800 Threw 0x00000000f28dc8d0 at C:\jdk7u2_64p\jdk7u40\hotspot\src\share\vm\prims\jvm.cpp:1244
Event: 18.763 Thread 0x000000000b0a4800 Threw 0x00000000f28e0938 at C:\jdk7u2_64p\jdk7u40\hotspot\src\share\vm\prims\jvm.cpp:1244
Event: 18.763 Thread 0x000000000b0a4800 Threw 0x00000000f28e1498 at C:\jdk7u2_64p\jdk7u40\hotspot\src\share\vm\prims\jvm.cpp:1244
Event: 18.763 Thread 0x000000000b0a4800 Threw 0x00000000f28e3ef8 at C:\jdk7u2_64p\jdk7u40\hotspot\src\share\vm\prims\jvm.cpp:1244
Event: 18.763 Thread 0x000000000b0a4800 Threw 0x00000000f28e4b88 at C:\jdk7u2_64p\jdk7u40\hotspot\src\share\vm\prims\jvm.cpp:1244
Event: 18.763 Thread 0x000000000b0a4800 Threw 0x00000000f28e7208 at C:\jdk7u2_64p\jdk7u40\hotspot\src\share\vm\prims\jvm.cpp:1244
Event: 18.764 Thread 0x000000000b0a4800 Threw 0x00000000f28e7f10 at C:\jdk7u2_64p\jdk7u40\hotspot\src\share\vm\prims\jvm.cpp:1244
Event: 18.764 Thread 0x000000000b0a4800 Threw 0x00000000f28eb640 at C:\jdk7u2_64p\jdk7u40\hotspot\src\share\vm\prims\jvm.cpp:1244
Event: 18.764 Thread 0x000000000b0a4800 Threw 0x00000000f28ec238 at C:\jdk7u2_64p\jdk7u40\hotspot\src\share\vm\prims\jvm.cpp:1244

Events (10 events):
Event: 18.763 loading class 0x000000000d3a7fb0 done
Event: 18.764 loading class 0x000000000d5e43c0
Event: 18.764 loading class 0x000000000d5e43c0 done
Event: 18.876 Thread 0x000000000b0a4800 Uncommon trap: trap_request=0xffffffde fr.pc=0x0000000002abab40
Event: 18.876 Thread 0x000000000b0a4800 DEOPT PACKING pc=0x0000000002abab40 sp=0x000000000c75c2c0
Event: 18.876 Thread 0x000000000b0a4800 DEOPT UNPACKING pc=0x0000000002839064 sp=0x000000000c75c2a0 mode 2
Event: 18.876 Thread 0x000000000b0a4800 Uncommon trap: trap_request=0xffffffde fr.pc=0x0000000002abab40
Event: 18.876 Thread 0x000000000b0a4800 DEOPT PACKING pc=0x0000000002abab40 sp=0x000000000c75c2c0
Event: 18.876 Thread 0x000000000b0a4800 DEOPT UNPACKING pc=0x0000000002839064 sp=0x000000000c75c2a0 mode 2
Event: 18.921 Executing VM operation: ParallelGCFailedAllocation


Dynamic libraries:
0x000000013f940000 - 0x000000013f973000 	C:\Program Files\Java\jdk1.7.0_40\bin\java.exe
0x0000000077180000 - 0x0000000077329000 	C:\Windows\SYSTEM32\ntdll.dll
0x0000000077060000 - 0x000000007717f000 	C:\Windows\system32\kernel32.dll
0x000007fefd250000 - 0x000007fefd2bc000 	C:\Windows\system32\KERNELBASE.dll
0x000007fefd810000 - 0x000007fefd8eb000 	C:\Windows\system32\ADVAPI32.dll
0x000007fefd540000 - 0x000007fefd5df000 	C:\Windows\system32\msvcrt.dll
0x000007fefd4c0000 - 0x000007fefd4df000 	C:\Windows\SYSTEM32\sechost.dll
0x000007feff070000 - 0x000007feff19d000 	C:\Windows\system32\RPCRT4.dll
0x0000000076f60000 - 0x000000007705a000 	C:\Windows\system32\USER32.dll
0x000007fefdad0000 - 0x000007fefdb37000 	C:\Windows\system32\GDI32.dll
0x000007fefd780000 - 0x000007fefd78e000 	C:\Windows\system32\LPK.dll
0x000007fefec10000 - 0x000007fefecd9000 	C:\Windows\system32\USP10.dll
0x000007fefb830000 - 0x000007fefba24000 	C:\Windows\WinSxS\amd64_microsoft.windows.common-controls_6595b64144ccf1df_6.0.7601.18837_none_fa3b1e3d17594757\COMCTL32.dll
0x000007fefd5e0000 - 0x000007fefd651000 	C:\Windows\system32\SHLWAPI.dll
0x000007fefd490000 - 0x000007fefd4be000 	C:\Windows\system32\IMM32.DLL
0x000007fefd660000 - 0x000007fefd769000 	C:\Windows\system32\MSCTF.dll
0x00000000688d0000 - 0x00000000689a1000 	C:\Program Files\Java\jdk1.7.0_40\jre\bin\msvcr100.dll
0x000000005c100000 - 0x000000005c8c9000 	C:\Program Files\Java\jdk1.7.0_40\jre\bin\server\jvm.dll
0x000007fef2800000 - 0x000007fef2809000 	C:\Windows\system32\WSOCK32.dll
0x000007fefece0000 - 0x000007fefed2d000 	C:\Windows\system32\WS2_32.dll
0x000007fefd770000 - 0x000007fefd778000 	C:\Windows\system32\NSI.dll
0x000007fefb1d0000 - 0x000007fefb20b000 	C:\Windows\system32\WINMM.dll
0x0000000077350000 - 0x0000000077357000 	C:\Windows\system32\PSAPI.DLL
0x00000000730d0000 - 0x00000000730df000 	C:\Program Files\Java\jdk1.7.0_40\jre\bin\verify.dll
0x000000006fa40000 - 0x000000006fa68000 	C:\Program Files\Java\jdk1.7.0_40\jre\bin\java.dll
0x000000006a8b0000 - 0x000000006a8c5000 	C:\Program Files\Java\jdk1.7.0_40\jre\bin\zip.dll
0x0000000068cf0000 - 0x0000000068d09000 	C:\Program Files\Java\jdk1.7.0_40\jre\bin\net.dll
0x000007fefc830000 - 0x000007fefc885000 	C:\Windows\system32\mswsock.dll
0x000007fefc820000 - 0x000007fefc827000 	C:\Windows\System32\wship6.dll
0x0000000068cd0000 - 0x0000000068ce1000 	C:\Program Files\Java\jdk1.7.0_40\jre\bin\nio.dll
0x000007fef2850000 - 0x000007fef2862000 	C:\Users\Administrator\.gradle\native\19\windows-amd64\native-platform.dll
0x000007fefc9f0000 - 0x000007fefca17000 	C:\Windows\system32\IPHLPAPI.DLL
0x000007fefc9e0000 - 0x000007fefc9eb000 	C:\Windows\system32\WINNSI.DLL
0x000007fefae00000 - 0x000007fefae11000 	C:\Windows\system32\dhcpcsvc6.DLL
0x000007fefade0000 - 0x000007fefadf8000 	C:\Windows\system32\dhcpcsvc.DLL
0x000007fefc890000 - 0x000007fefc8a7000 	C:\Windows\system32\CRYPTSP.dll
0x000007fefc590000 - 0x000007fefc5d7000 	C:\Windows\system32\rsaenh.dll
0x000007fefc350000 - 0x000007fefc36e000 	C:\Windows\system32\USERENV.dll
0x000007fefd080000 - 0x000007fefd08f000 	C:\Windows\system32\profapi.dll
0x000007fefcf70000 - 0x000007fefcf7f000 	C:\Windows\system32\CRYPTBASE.dll
0x000007fefb290000 - 0x000007fefb2a5000 	C:\Windows\system32\NLAapi.dll
0x000007fef7c40000 - 0x000007fef7c55000 	C:\Windows\system32\napinsp.dll
0x000007fef7c20000 - 0x000007fef7c39000 	C:\Windows\system32\pnrpnsp.dll
0x000007fefc6b0000 - 0x000007fefc70b000 	C:\Windows\system32\DNSAPI.dll
0x000007fef7ca0000 - 0x000007fef7cab000 	C:\Windows\System32\winrnr.dll
0x000007fefc210000 - 0x000007fefc217000 	C:\Windows\System32\wshtcpip.dll
0x000007fef8470000 - 0x000007fef8478000 	C:\Windows\system32\rasadhlp.dll
0x000007fefae80000 - 0x000007fefaed3000 	C:\Windows\System32\fwpuclnt.dll
0x000007fefcf10000 - 0x000007fefcf67000 	C:\Windows\system32\apphelp.dll
0x0000000071900000 - 0x000000007190b000 	C:\Program Files\Java\jdk1.7.0_40\jre\bin\management.dll
0x000007fef30b0000 - 0x000007fef31d5000 	C:\Windows\system32\dbghelp.dll

VM Arguments:
jvm_args: -XX:MaxPermSize=256m -XX:+HeapDumpOnOutOfMemoryError -Xmx1024m -Dfile.encoding=GBK -Duser.country=CN -Duser.language=zh -Duser.variant 
java_command: org.gradle.launcher.daemon.bootstrap.GradleDaemon 2.10
Launcher Type: SUN_STANDARD

Environment Variables:
JAVA_HOME=C:\Program Files\Java\jdk1.7.0_40
CLASSPATH=.;C:\Program Files\Java\jdk1.7.0_40\lib\dt.jar;C:\Program Files\Java\jdk1.7.0_40\lib\tools.jar
PATH=
[error occurred during error reporting (printing environment variables), id 0xc0000005]



---------------  S Y S T E M  ---------------

OS: Windows 7 , 64 bit Build 7601 Service Pack 1

CPU:total 2 (2 cores per cpu, 1 threads per core) family 16 model 6 stepping 3, cmov, cx8, fxsr, mmx, sse, sse2, sse3, popcnt, mmxext, 3dnowpref, lzcnt, sse4a, tsc, tscinvbit, tscinv

Memory: 4k page, physical 4193592k(978444k free), swap 8387184k(4447564k free)

vm_info: Java HotSpot(TM) 64-Bit Server VM (24.0-b56) for windows-amd64 JRE (1.7.0_40-b43), built on Aug 26 2013 22:38:32 by "java_re" with unknown MS VC++:1600

time: Wed Oct 26 09:20:33 2016
elapsed time: 19 seconds

